********************************************************************************
PACKAGE-LOG: 2016-01-19 17:43:03
NOTICE: Do NOT post to public sites or forums 
********************************************************************************
VERSION:	1.1.0
WORDPRESS:	4.4.1
PHP INFO:	7.0.0 | SAPI: apache2handler
SERVER:		Apache/2.2.29 (Unix) mod_wsgi/3.5 Python/2.7.10 PHP/7.0.0 mod_ssl/2.2.29 OpenSSL/0.9.8zg DAV/2 mod_fastcgi/2.4.6 mod_perl/2.0.9 Perl/v5.22.0 
PHP TIME LIMIT: (0) no time limit imposed 
PHP MAX MEMORY: 5000M (128M default) 
MEMORY STACK: 8MB 

********************************************************************************
DATABASE:
********************************************************************************
BUILD MODE:   PHP(query limit - 100)
MYSQLTIMEOUT: 5000
MYSQLDUMP:    Not Supported 
TABLES: total:30 | filtered:0 | create:30 
FILTERED: [] 
SQL CREATED: 20160119_dslweb_1_569e7586395797432160119174230_database.sql 
SQL FILE SIZE: 1.19MB (1249818) 
SQL FILE TIME: 2016-01-19 17:43:04 
SQL RUNTIME: 0.10 sec. 

******************************************************************************** 
ARCHIVE (ZIP): 
******************************************************************************** 
ARCHIVE DIR:  /Users/user/Desktop/Ryerson/W16/wordpress 
ARCHIVE FILE: 20160119_dslweb_1_569e7586395797432160119174230_archive.zip 
FILTERS: *OFF* 
DIRS:  not set 
EXTS:  not set 
---------------------------------------- 
COMPRESSING 
SIZE:	78.09MB 
STATS:	Dirs 473 | Files 4,039 
SQL ADDED: 20160119_dslweb_1_569e7586395797432160119174230_database.sql 
ZipArchive Object
(
    [status] => 0
    [statusSys] => 0
    [numFiles] => 4512
    [filename] => /Users/user/Desktop/Ryerson/W16/wordpress/wp-snapshots/tmp/20160119_dslweb_1_569e7586395797432160119174230_archive.zip
    [comment] => 
)
 
COMPRESSION RESULT: '1' 
COMPRESSED SIZE: 29.72MB 
ARCHIVE RUNTIME: 57.55 sec. 
MEMORY STACK: 10MB 

******************************************************************************** 
MAKE INSTALLER: 
******************************************************************************** 
Build Start 
Build Finished 
Preping for use 
Template parsed with new data 
Complete [/Users/user/Desktop/Ryerson/W16/wordpress/wp-snapshots/tmp/20160119_dslweb_1_569e7586395797432160119174230_installer.php] 
Added to archive 

******************************************************************************** 
INTEGRITY CHECKS: 
******************************************************************************** 
SQL File: 1.19MB 
Installer File: 318.84KB 
Archive File: 29.72MB  

********************************************************************************
RECORD ID:[1]
TOTAL PROCESS RUNTIME: 59.57 sec.
PEAK PHP MEMORY USED: 12MB
DONE PROCESSING => 20160119_dslweb_1 2016-01-19 17:44:03
 
